{
  "RSpec": {
    "coverage": {
      "/Users/rpa41/development/ruby-bootcamp/exercise-9/spec/support/shared_examples.rb": [
        1,
        2,
        2,
        2,
        2,
        null,
        null,
        2,
        2,
        2,
        2,
        null,
        null,
        2,
        2,
        2,
        null,
        null,
        2,
        2,
        2,
        null,
        null
      ],
      "/Users/rpa41/development/ruby-bootcamp/exercise-9/spec/person_spec.rb": [
        1,
        1,
        1,
        null,
        1,
        null,
        7,
        null,
        1,
        null,
        1,
        null,
        null,
        null,
        1,
        null,
        1,
        1,
        1,
        1,
        null,
        null,
        null,
        1,
        null,
        null,
        null,
        1,
        1,
        2,
        null,
        null,
        null,
        null,
        null
      ],
      "/Users/rpa41/development/ruby-bootcamp/exercise-9/spec/robot_spec.rb": [
        1,
        1,
        1,
        null,
        1,
        null,
        1,
        null,
        5,
        null,
        1,
        null,
        null,
        null,
        null
      ]
    },
    "timestamp": 1437142692
  }
}
